<?xml version="1.0" encoding="UTF-8"?>
<!-- Generated by org.testng.reporters.JUnitReportReporter -->
<testsuite skipped="0" hostname="GS-5241" name="apitest.test" tests="1" failures="0" timestamp="19 Aug 2020 13:21:47 GMT" time="2.966" errors="0">
  <testcase name="verifyGetUserStatusCode" time="2.966" classname="apitest.test"/>
</testsuite> <!-- apitest.test -->
